Build started 2/17/2014 7:01:48 PM.
     1>Project "C:\Users\SAAS Student\Documents\Visual Studio 2010\Projects\MicroEvoSim1.0\MicroEvoSim1.0\MicroEvoSim1.0.vcxproj" on node 2 (build target(s)).
     1>InitializeBuildStatus:
         Creating "Release\MicroEvoSim1.0.unsuccessfulbuild" because "AlwaysCreate" was specified.
       ClCompile:
         c:\Program Files (x86)\Microsoft Visual Studio 10.0\VC\bin\CL.exe /c /Zi /nologo /W3 /WX- /O2 /Oi /Oy- /GL /D _MBCS /Gm- /EHsc /MD /GS /Gy /fp:precise /Zc:wchar_t /Zc:forScope /Fo"Release\\" /Fd"Release\vc100.pdb" /Gd /TP /analyze- /errorReport:prompt main.cpp
         main.cpp
       Link:
         c:\Program Files (x86)\Microsoft Visual Studio 10.0\VC\bin\link.exe /ERRORREPORT:PROMPT /OUT:"C:\Users\SAAS Student\Documents\Visual Studio 2010\Projects\MicroEvoSim1.0\Release\MicroEvoSim1.0.exe" /NOLOGO kernel32.lib user32.lib gdi32.lib winspool.lib comdlg32.lib advapi32.lib shell32.lib ole32.lib oleaut32.lib uuid.lib odbc32.lib odbccp32.lib /MANIFEST /ManifestFile:"Release\MicroEvoSim1.0.exe.intermediate.manifest" /MANIFESTUAC:"level='asInvoker' uiAccess='false'" /DEBUG /PDB:"C:\Users\SAAS Student\Documents\Visual Studio 2010\Projects\MicroEvoSim1.0\Release\MicroEvoSim1.0.pdb" /OPT:REF /OPT:ICF /LTCG /TLBID:1 /DYNAMICBASE /NXCOMPAT /IMPLIB:"C:\Users\SAAS Student\Documents\Visual Studio 2010\Projects\MicroEvoSim1.0\Release\MicroEvoSim1.0.lib" /MACHINE:X86 Release\main.obj
         Generating code
         Finished generating code
         MicroEvoSim1.0.vcxproj -> C:\Users\SAAS Student\Documents\Visual Studio 2010\Projects\MicroEvoSim1.0\Release\MicroEvoSim1.0.exe
       Manifest:
         C:\Program Files (x86)\Microsoft SDKs\Windows\v7.0A\bin\mt.exe /nologo /verbose /outputresource:"C:\Users\SAAS Student\Documents\Visual Studio 2010\Projects\MicroEvoSim1.0\Release\MicroEvoSim1.0.exe;#1" /manifest Release\MicroEvoSim1.0.exe.intermediate.manifest
       FinalizeBuildStatus:
         Deleting file "Release\MicroEvoSim1.0.unsuccessfulbuild".
         Touching "Release\MicroEvoSim1.0.lastbuildstate".
     1>Done Building Project "C:\Users\SAAS Student\Documents\Visual Studio 2010\Projects\MicroEvoSim1.0\MicroEvoSim1.0\MicroEvoSim1.0.vcxproj" (build target(s)).

Build succeeded.

Time Elapsed 00:00:28.17
